[2020-06-09 16:37:17 #4614.2]	NOTICE	Server is shutdown now.
[2020-06-09 16:40:30 #4773.2]	NOTICE	Server is shutdown now.
[2020-06-11 13:36:03 #2294.2]	NOTICE	Server is shutdown now.
PHP Warning:  mysqli_query(): MySQL server has gone away in /www/wwwroot/kkk/book.hzywwl.com/server/Server.php on line 53

Warning: mysqli_query(): MySQL server has gone away in /www/wwwroot/kkk/book.hzywwl.com/server/Server.php on line 53
PHP Warning:  mysqli_query(): Error reading result set's header in /www/wwwroot/kkk/book.hzywwl.com/server/Server.php on line 53

Warning: mysqli_query(): Error reading result set's header in /www/wwwroot/kkk/book.hzywwl.com/server/Server.php on line 53
PHP Warning:  mysqli_fetch_assoc() expects parameter 1 to be mysqli_result, boolean given in /www/wwwroot/kkk/book.hzywwl.com/server/Server.php on line 54

Warning: mysqli_fetch_assoc() expects parameter 1 to be mysqli_result, boolean given in /www/wwwroot/kkk/book.hzywwl.com/server/Server.php on line 54
PHP Warning:  mysqli_fetch_assoc() expects parameter 1 to be mysqli_result, boolean given in /www/wwwroot/kkk/book.hzywwl.com/server/Server.php on line 54

Warning: mysqli_fetch_assoc() expects parameter 1 to be mysqli_result, boolean given in /www/wwwroot/kkk/book.hzywwl.com/server/Server.php on line 54
PHP Warning:  mysqli_fetch_assoc() expects parameter 1 to be mysqli_result, boolean given in /www/wwwroot/kkk/book.hzywwl.com/server/Server.php on line 54

Warning: mysqli_fetch_assoc() expects parameter 1 to be mysqli_result, boolean given in /www/wwwroot/kkk/book.hzywwl.com/server/Server.php on line 54
PHP Warning:  mysqli_fetch_assoc() expects parameter 1 to be mysqli_result, boolean given in /www/wwwroot/kkk/book.hzywwl.com/server/Server.php on line 54

Warning: mysqli_fetch_assoc() expects parameter 1 to be mysqli_result, boolean given in /www/wwwroot/kkk/book.hzywwl.com/server/Server.php on line 54
[2020-06-13 10:11:10 $4967.0]	WARNING	swSignal_callback: signal[1] callback is null.
[2020-06-13 10:11:10 *4972.2]	WARNING	swSignalfd_onSignal: signal[1] callback is null.
[2020-06-13 10:11:10 *4973.3]	WARNING	swSignalfd_onSignal: signal[1] callback is null.
[2020-06-13 10:11:10 #4966.2]	WARNING	swSignalfd_onSignal: signal[1] callback is null.
[2020-06-13 10:11:10 #4966.2]	NOTICE	Server is shutdown now.
[2020-06-13 10:11:10 *4970.0]	WARNING	swSignalfd_onSignal: signal[1] callback is null.
[2020-06-13 10:11:10 *4971.1]	WARNING	swSignalfd_onSignal: signal[1] callback is null.
